This is pdfTeX, Version 3.14159265-2.6-1.40.18 (TeX Live 2017/W32TeX) (preloaded format=pdflatex 2018.1.9)  26 APR 2018 10:53
entering extended mode
 restricted \write18 enabled.
 %&-line parsing enabled.
**./document3.tex
(./document3.tex
LaTeX2e <2017-04-15>
Babel <3.16> and hyphenation patterns for 84 language(s) loaded.
(c:/texlive/2017/texmf-dist/tex/latex/base/article.cls
Document Class: article 2014/09/29 v1.4h Standard LaTeX document class
(c:/texlive/2017/texmf-dist/tex/latex/base/size10.clo
File: size10.clo 2014/09/29 v1.4h Standard LaTeX file (size option)
)
\c@part=\count79
\c@section=\count80
\c@subsection=\count81
\c@subsubsection=\count82
\c@paragraph=\count83
\c@subparagraph=\count84
\c@figure=\count85
\c@table=\count86
\abovecaptionskip=\skip41
\belowcaptionskip=\skip42
\bibindent=\dimen102
)
(c:/texlive/2017/texmf-dist/tex/latex/graphics/graphicx.sty
Package: graphicx 2017/06/01 v1.1a Enhanced LaTeX Graphics (DPC,SPQR)

(c:/texlive/2017/texmf-dist/tex/latex/graphics/keyval.sty
Package: keyval 2014/10/28 v1.15 key=value parser (DPC)
\KV@toks@=\toks14
)
(c:/texlive/2017/texmf-dist/tex/latex/graphics/graphics.sty
Package: graphics 2017/06/25 v1.2c Standard LaTeX Graphics (DPC,SPQR)

(c:/texlive/2017/texmf-dist/tex/latex/graphics/trig.sty
Package: trig 2016/01/03 v1.10 sin cos tan (DPC)
)
(c:/texlive/2017/texmf-dist/tex/latex/graphics-cfg/graphics.cfg
File: graphics.cfg 2016/06/04 v1.11 sample graphics configuration
)
Package graphics Info: Driver file: pdftex.def on input line 99.

(c:/texlive/2017/texmf-dist/tex/latex/graphics-def/pdftex.def
File: pdftex.def 2018/01/01 v1.0k Graphics/color driver for pdftex
))
\Gin@req@height=\dimen103
\Gin@req@width=\dimen104
)
(c:/texlive/2017/texmf-dist/tex/latex/lm/lmodern.sty
Package: lmodern 2009/10/30 v1.6 Latin Modern Fonts
LaTeX Font Info:    Overwriting symbol font `operators' in version `normal'
(Font)                  OT1/cmr/m/n --> OT1/lmr/m/n on input line 22.
LaTeX Font Info:    Overwriting symbol font `letters' in version `normal'
(Font)                  OML/cmm/m/it --> OML/lmm/m/it on input line 23.
LaTeX Font Info:    Overwriting symbol font `symbols' in version `normal'
(Font)                  OMS/cmsy/m/n --> OMS/lmsy/m/n on input line 24.
LaTeX Font Info:    Overwriting symbol font `largesymbols' in version `normal'
(Font)                  OMX/cmex/m/n --> OMX/lmex/m/n on input line 25.
LaTeX Font Info:    Overwriting symbol font `operators' in version `bold'
(Font)                  OT1/cmr/bx/n --> OT1/lmr/bx/n on input line 26.
LaTeX Font Info:    Overwriting symbol font `letters' in version `bold'
(Font)                  OML/cmm/b/it --> OML/lmm/b/it on input line 27.
LaTeX Font Info:    Overwriting symbol font `symbols' in version `bold'
(Font)                  OMS/cmsy/b/n --> OMS/lmsy/b/n on input line 28.
LaTeX Font Info:    Overwriting symbol font `largesymbols' in version `bold'
(Font)                  OMX/cmex/m/n --> OMX/lmex/m/n on input line 29.
LaTeX Font Info:    Overwriting math alphabet `\mathbf' in version `normal'
(Font)                  OT1/cmr/bx/n --> OT1/lmr/bx/n on input line 31.
LaTeX Font Info:    Overwriting math alphabet `\mathsf' in version `normal'
(Font)                  OT1/cmss/m/n --> OT1/lmss/m/n on input line 32.
LaTeX Font Info:    Overwriting math alphabet `\mathit' in version `normal'
(Font)                  OT1/cmr/m/it --> OT1/lmr/m/it on input line 33.
LaTeX Font Info:    Overwriting math alphabet `\mathtt' in version `normal'
(Font)                  OT1/cmtt/m/n --> OT1/lmtt/m/n on input line 34.
LaTeX Font Info:    Overwriting math alphabet `\mathbf' in version `bold'
(Font)                  OT1/cmr/bx/n --> OT1/lmr/bx/n on input line 35.
LaTeX Font Info:    Overwriting math alphabet `\mathsf' in version `bold'
(Font)                  OT1/cmss/bx/n --> OT1/lmss/bx/n on input line 36.
LaTeX Font Info:    Overwriting math alphabet `\mathit' in version `bold'
(Font)                  OT1/cmr/bx/it --> OT1/lmr/bx/it on input line 37.
LaTeX Font Info:    Overwriting math alphabet `\mathtt' in version `bold'
(Font)                  OT1/cmtt/m/n --> OT1/lmtt/m/n on input line 38.
)
(c:/texlive/2017/texmf-dist/tex/latex/base/fontenc.sty
Package: fontenc 2017/04/05 v2.0i Standard LaTeX package

(c:/texlive/2017/texmf-dist/tex/latex/base/t1enc.def
File: t1enc.def 2017/04/05 v2.0i Standard LaTeX file
LaTeX Font Info:    Redeclaring font encoding T1 on input line 48.
))
(c:/texlive/2017/texmf-dist/tex/latex/hyperref/hyperref.sty
Package: hyperref 2017/03/14 v6.85a Hypertext links for LaTeX

(c:/texlive/2017/texmf-dist/tex/generic/oberdiek/hobsub-hyperref.sty
Package: hobsub-hyperref 2016/05/16 v1.14 Bundle oberdiek, subset hyperref (HO)


(c:/texlive/2017/texmf-dist/tex/generic/oberdiek/hobsub-generic.sty
Package: hobsub-generic 2016/05/16 v1.14 Bundle oberdiek, subset generic (HO)
Package: hobsub 2016/05/16 v1.14 Construct package bundles (HO)
Package: infwarerr 2016/05/16 v1.4 Providing info/warning/error messages (HO)
Package: ltxcmds 2016/05/16 v1.23 LaTeX kernel commands for general use (HO)
Package: ifluatex 2016/05/16 v1.4 Provides the ifluatex switch (HO)
Package ifluatex Info: LuaTeX not detected.
Package: ifvtex 2016/05/16 v1.6 Detect VTeX and its facilities (HO)
Package ifvtex Info: VTeX not detected.
Package: intcalc 2016/05/16 v1.2 Expandable calculations with integers (HO)
Package: ifpdf 2017/03/15 v3.2 Provides the ifpdf switch
Package: etexcmds 2016/05/16 v1.6 Avoid name clashes with e-TeX commands (HO)
Package etexcmds Info: Could not find \expanded.
(etexcmds)             That can mean that you are not using pdfTeX 1.50 or
(etexcmds)             that some package has redefined \expanded.
(etexcmds)             In the latter case, load this package earlier.
Package: kvsetkeys 2016/05/16 v1.17 Key value parser (HO)
Package: kvdefinekeys 2016/05/16 v1.4 Define keys (HO)
Package: pdftexcmds 2017/03/19 v0.25 Utility functions of pdfTeX for LuaTeX (HO
)
Package pdftexcmds Info: LuaTeX not detected.
Package pdftexcmds Info: \pdf@primitive is available.
Package pdftexcmds Info: \pdf@ifprimitive is available.
Package pdftexcmds Info: \pdfdraftmode found.
Package: pdfescape 2016/05/16 v1.14 Implements pdfTeX's escape features (HO)
Package: bigintcalc 2016/05/16 v1.4 Expandable calculations on big integers (HO
)
Package: bitset 2016/05/16 v1.2 Handle bit-vector datatype (HO)
Package: uniquecounter 2016/05/16 v1.3 Provide unlimited unique counter (HO)
)
Package hobsub Info: Skipping package `hobsub' (already loaded).
Package: letltxmacro 2016/05/16 v1.5 Let assignment for LaTeX macros (HO)
Package: hopatch 2016/05/16 v1.3 Wrapper for package hooks (HO)
Package: xcolor-patch 2016/05/16 xcolor patch
Package: atveryend 2016/05/16 v1.9 Hooks at the very end of document (HO)
Package atveryend Info: \enddocument detected (standard20110627).
Package: atbegshi 2016/06/09 v1.18 At begin shipout hook (HO)
Package: refcount 2016/05/16 v3.5 Data extraction from label references (HO)
Package: hycolor 2016/05/16 v1.8 Color options for hyperref/bookmark (HO)
)
(c:/texlive/2017/texmf-dist/tex/generic/ifxetex/ifxetex.sty
Package: ifxetex 2010/09/12 v0.6 Provides ifxetex conditional
)
(c:/texlive/2017/texmf-dist/tex/latex/oberdiek/auxhook.sty
Package: auxhook 2016/05/16 v1.4 Hooks for auxiliary files (HO)
)
(c:/texlive/2017/texmf-dist/tex/latex/oberdiek/kvoptions.sty
Package: kvoptions 2016/05/16 v3.12 Key value format for package options (HO)
)
\@linkdim=\dimen105
\Hy@linkcounter=\count87
\Hy@pagecounter=\count88

(c:/texlive/2017/texmf-dist/tex/latex/hyperref/pd1enc.def
File: pd1enc.def 2017/03/14 v6.85a Hyperref: PDFDocEncoding definition (HO)
)
\Hy@SavedSpaceFactor=\count89

(c:/texlive/2017/texmf-dist/tex/latex/latexconfig/hyperref.cfg
File: hyperref.cfg 2002/06/06 v1.2 hyperref configuration of TeXLive
)
Package hyperref Info: Hyper figures OFF on input line 4498.
Package hyperref Info: Link nesting OFF on input line 4503.
Package hyperref Info: Hyper index ON on input line 4506.
Package hyperref Info: Plain pages OFF on input line 4513.
Package hyperref Info: Backreferencing OFF on input line 4518.
Package hyperref Info: Implicit mode ON; LaTeX internals redefined.
Package hyperref Info: Bookmarks ON on input line 4751.
\c@Hy@tempcnt=\count90

(c:/texlive/2017/texmf-dist/tex/latex/url/url.sty
\Urlmuskip=\muskip10
Package: url 2013/09/16  ver 3.4  Verb mode for urls, etc.
)
LaTeX Info: Redefining \url on input line 5104.
\XeTeXLinkMargin=\dimen106
\Fld@menulength=\count91
\Field@Width=\dimen107
\Fld@charsize=\dimen108
Package hyperref Info: Hyper figures OFF on input line 6358.
Package hyperref Info: Link nesting OFF on input line 6363.
Package hyperref Info: Hyper index ON on input line 6366.
Package hyperref Info: backreferencing OFF on input line 6373.
Package hyperref Info: Link coloring OFF on input line 6378.
Package hyperref Info: Link coloring with OCG OFF on input line 6383.
Package hyperref Info: PDF/A mode OFF on input line 6388.
LaTeX Info: Redefining \ref on input line 6428.
LaTeX Info: Redefining \pageref on input line 6432.
\Hy@abspage=\count92
\c@Item=\count93
\c@Hfootnote=\count94
)

Package hyperref Message: Driver (autodetected): hpdftex.

(c:/texlive/2017/texmf-dist/tex/latex/hyperref/hpdftex.def
File: hpdftex.def 2017/03/14 v6.85a Hyperref driver for pdfTeX
\Fld@listcount=\count95
\c@bookmark@seq@number=\count96

(c:/texlive/2017/texmf-dist/tex/latex/oberdiek/rerunfilecheck.sty
Package: rerunfilecheck 2016/05/16 v1.8 Rerun checks for auxiliary files (HO)
Package uniquecounter Info: New unique counter `rerunfilecheck' on input line 2
82.
)
\Hy@SectionHShift=\skip43
)
(c:/texlive/2017/texmf-dist/tex/latex/base/textcomp.sty
Package: textcomp 2017/04/05 v2.0i Standard LaTeX package
Package textcomp Info: Sub-encoding information:
(textcomp)               5 = only ISO-Adobe without \textcurrency
(textcomp)               4 = 5 + \texteuro
(textcomp)               3 = 4 + \textohm
(textcomp)               2 = 3 + \textestimated + \textcurrency
(textcomp)               1 = TS1 - \textcircled - \t
(textcomp)               0 = TS1 (full)
(textcomp)             Font families with sub-encoding setting implement
(textcomp)             only a restricted character set as indicated.
(textcomp)             Family '?' is the default used for unknown fonts.
(textcomp)             See the documentation for details.
Package textcomp Info: Setting ? sub-encoding to TS1/1 on input line 79.

(c:/texlive/2017/texmf-dist/tex/latex/base/ts1enc.def
File: ts1enc.def 2001/06/05 v3.0e (jk/car/fm) Standard LaTeX file
)
LaTeX Info: Redefining \oldstylenums on input line 334.
Package textcomp Info: Setting cmr sub-encoding to TS1/0 on input line 349.
Package textcomp Info: Setting cmss sub-encoding to TS1/0 on input line 350.
Package textcomp Info: Setting cmtt sub-encoding to TS1/0 on input line 351.
Package textcomp Info: Setting cmvtt sub-encoding to TS1/0 on input line 352.
Package textcomp Info: Setting cmbr sub-encoding to TS1/0 on input line 353.
Package textcomp Info: Setting cmtl sub-encoding to TS1/0 on input line 354.
Package textcomp Info: Setting ccr sub-encoding to TS1/0 on input line 355.
Package textcomp Info: Setting ptm sub-encoding to TS1/4 on input line 356.
Package textcomp Info: Setting pcr sub-encoding to TS1/4 on input line 357.
Package textcomp Info: Setting phv sub-encoding to TS1/4 on input line 358.
Package textcomp Info: Setting ppl sub-encoding to TS1/3 on input line 359.
Package textcomp Info: Setting pag sub-encoding to TS1/4 on input line 360.
Package textcomp Info: Setting pbk sub-encoding to TS1/4 on input line 361.
Package textcomp Info: Setting pnc sub-encoding to TS1/4 on input line 362.
Package textcomp Info: Setting pzc sub-encoding to TS1/4 on input line 363.
Package textcomp Info: Setting bch sub-encoding to TS1/4 on input line 364.
Package textcomp Info: Setting put sub-encoding to TS1/5 on input line 365.
Package textcomp Info: Setting uag sub-encoding to TS1/5 on input line 366.
Package textcomp Info: Setting ugq sub-encoding to TS1/5 on input line 367.
Package textcomp Info: Setting ul8 sub-encoding to TS1/4 on input line 368.
Package textcomp Info: Setting ul9 sub-encoding to TS1/4 on input line 369.
Package textcomp Info: Setting augie sub-encoding to TS1/5 on input line 370.
Package textcomp Info: Setting dayrom sub-encoding to TS1/3 on input line 371.
Package textcomp Info: Setting dayroms sub-encoding to TS1/3 on input line 372.

Package textcomp Info: Setting pxr sub-encoding to TS1/0 on input line 373.
Package textcomp Info: Setting pxss sub-encoding to TS1/0 on input line 374.
Package textcomp Info: Setting pxtt sub-encoding to TS1/0 on input line 375.
Package textcomp Info: Setting txr sub-encoding to TS1/0 on input line 376.
Package textcomp Info: Setting txss sub-encoding to TS1/0 on input line 377.
Package textcomp Info: Setting txtt sub-encoding to TS1/0 on input line 378.
Package textcomp Info: Setting lmr sub-encoding to TS1/0 on input line 379.
Package textcomp Info: Setting lmdh sub-encoding to TS1/0 on input line 380.
Package textcomp Info: Setting lmss sub-encoding to TS1/0 on input line 381.
Package textcomp Info: Setting lmssq sub-encoding to TS1/0 on input line 382.
Package textcomp Info: Setting lmvtt sub-encoding to TS1/0 on input line 383.
Package textcomp Info: Setting lmtt sub-encoding to TS1/0 on input line 384.
Package textcomp Info: Setting qhv sub-encoding to TS1/0 on input line 385.
Package textcomp Info: Setting qag sub-encoding to TS1/0 on input line 386.
Package textcomp Info: Setting qbk sub-encoding to TS1/0 on input line 387.
Package textcomp Info: Setting qcr sub-encoding to TS1/0 on input line 388.
Package textcomp Info: Setting qcs sub-encoding to TS1/0 on input line 389.
Package textcomp Info: Setting qpl sub-encoding to TS1/0 on input line 390.
Package textcomp Info: Setting qtm sub-encoding to TS1/0 on input line 391.
Package textcomp Info: Setting qzc sub-encoding to TS1/0 on input line 392.
Package textcomp Info: Setting qhvc sub-encoding to TS1/0 on input line 393.
Package textcomp Info: Setting futs sub-encoding to TS1/4 on input line 394.
Package textcomp Info: Setting futx sub-encoding to TS1/4 on input line 395.
Package textcomp Info: Setting futj sub-encoding to TS1/4 on input line 396.
Package textcomp Info: Setting hlh sub-encoding to TS1/3 on input line 397.
Package textcomp Info: Setting hls sub-encoding to TS1/3 on input line 398.
Package textcomp Info: Setting hlst sub-encoding to TS1/3 on input line 399.
Package textcomp Info: Setting hlct sub-encoding to TS1/5 on input line 400.
Package textcomp Info: Setting hlx sub-encoding to TS1/5 on input line 401.
Package textcomp Info: Setting hlce sub-encoding to TS1/5 on input line 402.
Package textcomp Info: Setting hlcn sub-encoding to TS1/5 on input line 403.
Package textcomp Info: Setting hlcw sub-encoding to TS1/5 on input line 404.
Package textcomp Info: Setting hlcf sub-encoding to TS1/5 on input line 405.
Package textcomp Info: Setting pplx sub-encoding to TS1/3 on input line 406.
Package textcomp Info: Setting pplj sub-encoding to TS1/3 on input line 407.
Package textcomp Info: Setting ptmx sub-encoding to TS1/4 on input line 408.
Package textcomp Info: Setting ptmj sub-encoding to TS1/4 on input line 409.
)
Package hyperref Info: Option `colorlinks' set `true' on input line 13.
 (./document3.aux)
\openout1 = `document3.aux'.

LaTeX Font Info:    Checking defaults for OML/cmm/m/it on input line 14.
LaTeX Font Info:    ... okay on input line 14.
LaTeX Font Info:    Checking defaults for T1/cmr/m/n on input line 14.
LaTeX Font Info:    ... okay on input line 14.
LaTeX Font Info:    Checking defaults for OT1/cmr/m/n on input line 14.
LaTeX Font Info:    ... okay on input line 14.
LaTeX Font Info:    Checking defaults for OMS/cmsy/m/n on input line 14.
LaTeX Font Info:    ... okay on input line 14.
LaTeX Font Info:    Checking defaults for OMX/cmex/m/n on input line 14.
LaTeX Font Info:    ... okay on input line 14.
LaTeX Font Info:    Checking defaults for U/cmr/m/n on input line 14.
LaTeX Font Info:    ... okay on input line 14.
LaTeX Font Info:    Checking defaults for PD1/pdf/m/n on input line 14.
LaTeX Font Info:    ... okay on input line 14.
LaTeX Font Info:    Checking defaults for TS1/cmr/m/n on input line 14.
LaTeX Font Info:    Try loading font information for TS1+cmr on input line 14.

(c:/texlive/2017/texmf-dist/tex/latex/base/ts1cmr.fd
File: ts1cmr.fd 2014/09/29 v2.5h Standard LaTeX font definitions
)
LaTeX Font Info:    ... okay on input line 14.
LaTeX Font Info:    Try loading font information for T1+lmr on input line 14.

(c:/texlive/2017/texmf-dist/tex/latex/lm/t1lmr.fd
File: t1lmr.fd 2009/10/30 v1.6 Font defs for Latin Modern
)
(c:/texlive/2017/texmf-dist/tex/context/base/mkii/supp-pdf.mkii
[Loading MPS to PDF converter (version 2006.09.02).]
\scratchcounter=\count97
\scratchdimen=\dimen109
\scratchbox=\box26
\nofMPsegments=\count98
\nofMParguments=\count99
\everyMPshowfont=\toks15
\MPscratchCnt=\count100
\MPscratchDim=\dimen110
\MPnumerator=\count101
\makeMPintoPDFobject=\count102
\everyMPtoPDFconversion=\toks16
) (c:/texlive/2017/texmf-dist/tex/latex/oberdiek/epstopdf-base.sty
Package: epstopdf-base 2016/05/15 v2.6 Base part for package epstopdf

(c:/texlive/2017/texmf-dist/tex/latex/oberdiek/grfext.sty
Package: grfext 2016/05/16 v1.2 Manage graphics extensions (HO)
)
Package epstopdf-base Info: Redefining graphics rule for `.eps' on input line 4
38.
Package grfext Info: Graphics extension search list:
(grfext)             [.pdf,.png,.jpg,.mps,.jpeg,.jbig2,.jb2,.PDF,.PNG,.JPG,.JPE
G,.JBIG2,.JB2,.eps]
(grfext)             \AppendGraphicsExtensions on input line 456.

(c:/texlive/2017/texmf-dist/tex/latex/latexconfig/epstopdf-sys.cfg
File: epstopdf-sys.cfg 2010/07/13 v1.3 Configuration of (r)epstopdf for TeX Liv
e
))
\AtBeginShipoutBox=\box27

(c:/texlive/2017/texmf-dist/tex/latex/graphics/color.sty
Package: color 2016/07/10 v1.1e Standard LaTeX Color (DPC)

(c:/texlive/2017/texmf-dist/tex/latex/graphics-cfg/color.cfg
File: color.cfg 2016/01/02 v1.6 sample color configuration
)
Package color Info: Driver file: pdftex.def on input line 147.
)
Package hyperref Info: Link coloring ON on input line 14.

(c:/texlive/2017/texmf-dist/tex/latex/hyperref/nameref.sty
Package: nameref 2016/05/21 v2.44 Cross-referencing by name of section

(c:/texlive/2017/texmf-dist/tex/generic/oberdiek/gettitlestring.sty
Package: gettitlestring 2016/05/16 v1.5 Cleanup title references (HO)
)
\c@section@level=\count103
)
LaTeX Info: Redefining \ref on input line 14.
LaTeX Info: Redefining \pageref on input line 14.
LaTeX Info: Redefining \nameref on input line 14.

(./document3.out) (./document3.out)
\@outlinefile=\write3
\openout3 = `document3.out'.

LaTeX Font Info:    Try loading font information for OT1+lmr on input line 16.

(c:/texlive/2017/texmf-dist/tex/latex/lm/ot1lmr.fd
File: ot1lmr.fd 2009/10/30 v1.6 Font defs for Latin Modern
)
LaTeX Font Info:    Try loading font information for OML+lmm on input line 16.

(c:/texlive/2017/texmf-dist/tex/latex/lm/omllmm.fd
File: omllmm.fd 2009/10/30 v1.6 Font defs for Latin Modern
)
LaTeX Font Info:    Try loading font information for OMS+lmsy on input line 16.


(c:/texlive/2017/texmf-dist/tex/latex/lm/omslmsy.fd
File: omslmsy.fd 2009/10/30 v1.6 Font defs for Latin Modern
)
LaTeX Font Info:    Try loading font information for OMX+lmex on input line 16.


(c:/texlive/2017/texmf-dist/tex/latex/lm/omxlmex.fd
File: omxlmex.fd 2009/10/30 v1.6 Font defs for Latin Modern
)
LaTeX Font Info:    External font `lmex10' loaded for size
(Font)              <10> on input line 16.
LaTeX Font Info:    External font `lmex10' loaded for size
(Font)              <7> on input line 16.
LaTeX Font Info:    External font `lmex10' loaded for size
(Font)              <5> on input line 16.
<1.png, id=144, 880.79062pt x 588.69937pt>
File: 1.png Graphic file (type png)
<use 1.png>
Package pdftex.def Info: 1.png  used on input line 22.
(pdftex.def)             Requested size: 345.0pt x 230.58891pt.
 [1

{c:/texlive/2017/texmf-var/fonts/map/pdftex/updmap/pdftex.map} <./1.png>] (./do
cument3.toc [1])
\tf@toc=\write4
\openout4 = `document3.toc'.


[2]
Underfull \hbox (badness 10000) in paragraph at lines 33--37

 []


Underfull \hbox (badness 10000) in paragraph at lines 33--37

 []


Underfull \hbox (badness 10000) in paragraph at lines 33--37

 []


Underfull \hbox (badness 10000) in paragraph at lines 33--37

 []

[3]
<2.png, id=205, 481.8pt x 361.35pt>
File: 2.png Graphic file (type png)
<use 2.png>
Package pdftex.def Info: 2.png  used on input line 40.
(pdftex.def)             Requested size: 345.0pt x 258.75476pt.
 [4 <./2.png>]
<3.png, id=211, 807.7678pt x 456.95718pt>
File: 3.png Graphic file (type png)
<use 3.png>
Package pdftex.def Info: 3.png  used on input line 46.
(pdftex.def)             Requested size: 345.0pt x 195.16992pt.
 [5 <./3.png (PNG copy)>]
<4.png, id=216, 551.05875pt x 494.59781pt>
File: 4.png Graphic file (type png)
<use 4.png>
Package pdftex.def Info: 4.png  used on input line 52.
(pdftex.def)             Requested size: 345.0pt x 309.66624pt.

Overfull \hbox (18.53633pt too wide) in paragraph at lines 54--55
\T1/lmr/m/n/10 types of IP ad-dresses: IPv4 (eg. 192.168.1.0/24) and IPv6 (eg. 
2001:db8:acad::1/64). 
 []

[6 <./4.png>]
<5.jpg, id=223, 4143.48pt x 3107.61pt>
File: 5.jpg Graphic file (type jpg)
<use 5.jpg>
Package pdftex.def Info: 5.jpg  used on input line 58.
(pdftex.def)             Requested size: 345.0pt x 258.71397pt.
 [7 <./5.jpg>]
<"staff passwords".png, id=228, 369.17924pt x 115.632pt>
File: "staff passwords".png Graphic file (type png)
<use "staff passwords".png>
Package pdftex.def Info: "staff passwords".png  used on input line 64.
(pdftex.def)             Requested size: 345.0pt x 108.0642pt.
<hostname.png, id=229, 201.75375pt x 26.499pt>
File: hostname.png Graphic file (type png)
<use hostname.png>
Package pdftex.def Info: hostname.png  used on input line 70.
(pdftex.def)             Requested size: 172.5pt x 22.65686pt.
<"staff password encryption".png, id=230, 256.5585pt x 24.69225pt>
File: "staff password encryption".png Graphic file (type png)
<use "staff password encryption".png>
Package pdftex.def Info: "staff password encryption".png  used on input line 76
.
(pdftex.def)             Requested size: 207.0021pt x 19.92336pt.
<"telnet access".png, id=231, 268.6035pt x 49.98676pt>
File: "telnet access".png Graphic file (type png)
<use "telnet access".png>
Package pdftex.def Info: "telnet access".png  used on input line 83.
(pdftex.def)             Requested size: 172.5pt x 32.10275pt.


LaTeX Warning: `h' float specifier changed to `ht'.

[8 <./staff passwords.png> <./hostname.png> <./staff password encryption.png>]
<motd.png, id=239, 309.5565pt x 24.69225pt>
File: motd.png Graphic file (type png)
<use motd.png>
Package pdftex.def Info: motd.png  used on input line 89.
(pdftex.def)             Requested size: 345.0pt x 27.52135pt.
<"default route".png, id=240, 261.3765pt x 21.07875pt>
File: "default route".png Graphic file (type png)
<use "default route".png>
Package pdftex.def Info: "default route".png  used on input line 94.
(pdftex.def)             Requested size: 345.0pt x 27.82239pt.

[9 <./telnet access.png> <./motd.png> <./default route.png>]
<"configure ip address".png, id=248, 324.0105pt x 73.4745pt>
File: "configure ip address".png Graphic file (type png)
<use "configure ip address".png>
Package pdftex.def Info: "configure ip address".png  used on input line 101.
(pdftex.def)             Requested size: 310.4979pt x 70.41138pt.
<"enable ipv6 core1".png, id=249, 219.82124pt x 25.2945pt>
File: "enable ipv6 core1".png Graphic file (type png)
<use "enable ipv6 core1".png>
Package pdftex.def Info: "enable ipv6 core1".png  used on input line 105.
(pdftex.def)             Requested size: 172.5pt x 19.85002pt.
<description.png, id=250, 380.622pt x 82.50826pt>
File: description.png Graphic file (type png)
<use description.png>
Package pdftex.def Info: description.png  used on input line 110.
(pdftex.def)             Requested size: 345.0pt x 74.79053pt.
 [10 <./configure ip address.png> <./enable ipv6 core1.png> <./description.png>
]
<"clock rate".png, id=258, 220.4235pt x 39.7485pt>
File: "clock rate".png Graphic file (type png)
<use "clock rate".png>
Package pdftex.def Info: "clock rate".png  used on input line 117.
(pdftex.def)             Requested size: 172.5pt x 31.1062pt.
<"activate interfaces".png, id=259, 281.25075pt x 83.1105pt>
File: "activate interfaces".png Graphic file (type png)
<use "activate interfaces".png>
Package pdftex.def Info: "activate interfaces".png  used on input line 123.
(pdftex.def)             Requested size: 172.5pt x 50.97377pt.
 [11 <./clock rate.png> <./activate interfaces.png>]
<dhcp-install.png, id=266, 553.31718pt x 39.14626pt>
File: dhcp-install.png Graphic file (type png)
<use dhcp-install.png>
Package pdftex.def Info: dhcp-install.png  used on input line 152.
(pdftex.def)             Requested size: 345.0pt x 24.40779pt.
<dhcp-config1.png, id=267, 502.87875pt x 69.25874pt>
File: dhcp-config1.png Graphic file (type png)
<use dhcp-config1.png>
Package pdftex.def Info: dhcp-config1.png  used on input line 157.
(pdftex.def)             Requested size: 345.0pt x 47.51486pt.

Underfull \hbox (badness 10000) in paragraph at lines 159--161

 []

[12 <./dhcp-install.png (PNG copy)> <./dhcp-config1.png (PNG copy)>]
<dhcp-config2.png, id=273, 517.935pt x 468.24937pt>
File: dhcp-config2.png Graphic file (type png)
<use dhcp-config2.png>
Package pdftex.def Info: dhcp-config2.png  used on input line 164.
(pdftex.def)             Requested size: 345.0pt x 311.91779pt.
 [13 <./dhcp-config2.png>]
<dhcp-config3.png, id=279, 427.5975pt x 471.26062pt>
File: dhcp-config3.png Graphic file (type png)
<use dhcp-config3.png>
Package pdftex.def Info: dhcp-config3.png  used on input line 169.
(pdftex.def)             Requested size: 345.0pt x 380.23051pt.
 [14 <./dhcp-config3.png>]
<dhcp-config4.png, id=284, 379.4175pt x 28.60687pt>
File: dhcp-config4.png Graphic file (type png)
<use dhcp-config4.png>
Package pdftex.def Info: dhcp-config4.png  used on input line 175.
(pdftex.def)             Requested size: 345.0pt x 26.0122pt.
<PDC/install4.png, id=285, 252.19218pt x 145.29282pt>
File: PDC/install4.png Graphic file (type png)
<use PDC/install4.png>
Package pdftex.def Info: PDC/install4.png  used on input line 194.
(pdftex.def)             Requested size: 155.24927pt x 82.4985pt.
 [15 <./dhcp-config4.png> <./PDC/install4.png>]
<dns/dns-install5.png, id=301, 576.65437pt x 393.72093pt>
File: dns/dns-install5.png Graphic file (type png)
<use dns/dns-install5.png>
Package pdftex.def Info: dns/dns-install5.png  used on input line 210.
(pdftex.def)             Requested size: 207.0021pt x 141.33691pt.
 [16 <./dns/dns-install5.png>]
<20180228_210547050_iOS.jpg, id=316, 4047.12pt x 3035.34pt>
File: 20180228_210547050_iOS.jpg Graphic file (type jpg)
<use 20180228_210547050_iOS.jpg>
Package pdftex.def Info: 20180228_210547050_iOS.jpg  used on input line 224.
(pdftex.def)             Requested size: 345.0pt x 258.71838pt.
<"spec2 machine".jpeg, id=317, 3922.655pt x 1234.6125pt>
File: "spec2 machine".jpeg Graphic file (type jpg)
<use "spec2 machine".jpeg>
Package pdftex.def Info: "spec2 machine".jpeg  used on input line 228.
(pdftex.def)             Requested size: 345.0pt x 108.56711pt.

Underfull \hbox (badness 10000) in paragraph at lines 219--230

 []

[17 <./20180228_210547050_iOS.jpg> <./spec2 machine.jpeg>]
<"Screenshots-clone-server/Screenshot from 2018-03-10 13-33-36".png, id=322, 73
6.7525pt x 500.87125pt>
File: "Screenshots-clone-server/Screenshot from 2018-03-10 13-33-36".png Graphi
c file (type png)
<use "Screenshots-clone-server/Screenshot from 2018-03-10 13-33-36".png>
Package pdftex.def Info: "Screenshots-clone-server/Screenshot from 2018-03-10 1
3-33-36".png  used on input line 243.
(pdftex.def)             Requested size: 345.0pt x 234.53824pt.

Underfull \hbox (badness 10000) in paragraph at lines 234--245

 []


Overfull \hbox (3.96956pt too wide) in paragraph at lines 234--245
\T1/lmr/m/n/10 Go into su-pe-ruser mode with \T1/lmr/bx/n/10 su \T1/lmr/m/n/10 
and use vi to get into the \T1/lmr/bx/n/10 /etc/apt/sources.list
 []

[18 <./Screenshots-clone-server/Screenshot from 2018-03-10 13-33-36.png>]
<"Screenshots-clone-server/Screenshot from 2018-03-10 13-36-36".png, id=329, 73
6.7525pt x 500.87125pt>
File: "Screenshots-clone-server/Screenshot from 2018-03-10 13-36-36".png Graphi
c file (type png)
<use "Screenshots-clone-server/Screenshot from 2018-03-10 13-36-36".png>
Package pdftex.def Info: "Screenshots-clone-server/Screenshot from 2018-03-10 1
3-36-36".png  used on input line 251.
(pdftex.def)             Requested size: 345.0pt x 234.53824pt.

[19 <./Screenshots-clone-server/Screenshot from 2018-03-10 13-36-36.png>]
<"Screenshots-clone-server/Screenshot from 2018-03-10 13-39-10".png, id=335, 73
6.7525pt x 500.87125pt>
File: "Screenshots-clone-server/Screenshot from 2018-03-10 13-39-10".png Graphi
c file (type png)
<use "Screenshots-clone-server/Screenshot from 2018-03-10 13-39-10".png>
Package pdftex.def Info: "Screenshots-clone-server/Screenshot from 2018-03-10 1
3-39-10".png  used on input line 257.
(pdftex.def)             Requested size: 345.0pt x 234.53824pt.
<"Screenshots-clone-server/Screenshot from 2018-03-10 13-40-31".png, id=336, 55
2.56438pt x 132.495pt>
File: "Screenshots-clone-server/Screenshot from 2018-03-10 13-40-31".png Graphi
c file (type png)
<use "Screenshots-clone-server/Screenshot from 2018-03-10 13-40-31".png>
Package pdftex.def Info: "Screenshots-clone-server/Screenshot from 2018-03-10 1
3-40-31".png  used on input line 265.
(pdftex.def)             Requested size: 345.0pt x 82.72424pt.

Underfull \hbox (badness 10000) in paragraph at lines 254--268

 []

[20 <./Screenshots-clone-server/Screenshot from 2018-03-10 13-39-10.png> <./Scr
eenshots-clone-server/Screenshot from 2018-03-10 13-40-31.png>]
<"Screenshots-clone-server/Screenshot from 2018-03-10 13-51-18".png, id=343, 54
4.28343pt x 188.95593pt>
File: "Screenshots-clone-server/Screenshot from 2018-03-10 13-51-18".png Graphi
c file (type png)
<use "Screenshots-clone-server/Screenshot from 2018-03-10 13-51-18".png>
Package pdftex.def Info: "Screenshots-clone-server/Screenshot from 2018-03-10 1
3-51-18".png  used on input line 276.
(pdftex.def)             Requested size: 345.0pt x 119.76942pt.

Underfull \hbox (badness 10000) in paragraph at lines 269--280

 []

[21 <./Screenshots-clone-server/Screenshot from 2018-03-10 13-51-18.png>]
Underfull \hbox (badness 10000) in paragraph at lines 295--297

 []

<"sysprep/3-23-2018 13-23-45".png, id=360, 485.56406pt x 350.05782pt>
File: "sysprep/3-23-2018 13-23-45".png Graphic file (type png)
<use "sysprep/3-23-2018 13-23-45".png>
Package pdftex.def Info: "sysprep/3-23-2018 13-23-45".png  used on input line 3
01.
(pdftex.def)             Requested size: 345.0pt x 248.71904pt.
[22 <./sysprep/3-23-2018 13-23-45.png (PNG copy)>]
<"sysprep/3-23-2018 13-21-27".png, id=365, 260.47313pt x 49.68562pt>
File: "sysprep/3-23-2018 13-21-27".png Graphic file (type png)
<use "sysprep/3-23-2018 13-21-27".png>
Package pdftex.def Info: "sysprep/3-23-2018 13-21-27".png  used on input line 3
07.
(pdftex.def)             Requested size: 172.5pt x 32.90482pt.
<"sysprep/3-23-2018 13-48-20".png, id=366, 292.84406pt x 113.67468pt>
File: "sysprep/3-23-2018 13-48-20".png Graphic file (type png)
<use "sysprep/3-23-2018 13-48-20".png>
Package pdftex.def Info: "sysprep/3-23-2018 13-48-20".png  used on input line 3
11.
(pdftex.def)             Requested size: 172.5pt x 66.9634pt.
<"sysprep/3-23-2018 13-25-37".png, id=367, 417.81094pt x 311.66437pt>
File: "sysprep/3-23-2018 13-25-37".png Graphic file (type png)
<use "sysprep/3-23-2018 13-25-37".png>
Package pdftex.def Info: "sysprep/3-23-2018 13-25-37".png  used on input line 3
12.
(pdftex.def)             Requested size: 172.5pt x 128.67726pt.

Overfull \hbox (2.22221pt too wide) in paragraph at lines 311--313
[][] [] 
 []

<"sysprep/3-23-2018 13-26-37".png, id=368, 254.45062pt x 216.81pt>
File: "sysprep/3-23-2018 13-26-37".png Graphic file (type png)
<use "sysprep/3-23-2018 13-26-37".png>
Package pdftex.def Info: "sysprep/3-23-2018 13-26-37".png  used on input line 3
18.
(pdftex.def)             Requested size: 172.5pt x 146.98885pt.
[23 <./sysprep/3-23-2018 13-21-27.png (PNG copy)> <./sysprep/3-23-2018 13-48-20
.png (PNG copy)> <./sysprep/3-23-2018 13-25-37.png (PNG copy)> <./sysprep/3-23-
2018 13-26-37.png (PNG copy)>]
<"sysprep/3-23-2018 13-29-07".png, id=373, 500.62032pt x 234.8775pt>
File: "sysprep/3-23-2018 13-29-07".png Graphic file (type png)
<use "sysprep/3-23-2018 13-29-07".png>
Package pdftex.def Info: "sysprep/3-23-2018 13-29-07".png  used on input line 3
23.
(pdftex.def)             Requested size: 345.0pt x 161.87212pt.
<"sysprep/3-23-2018 13-34-39".png, id=374, 697.10437pt x 261.97874pt>
File: "sysprep/3-23-2018 13-34-39".png Graphic file (type png)
<use "sysprep/3-23-2018 13-34-39".png>
Package pdftex.def Info: "sysprep/3-23-2018 13-34-39".png  used on input line 3
26.
(pdftex.def)             Requested size: 345.0pt x 129.65388pt.
 [24 <./sysprep/3-23-2018 13-29-07.png (PNG copy)> <./sysprep/3-23-2018 13-34-3
9.png (PNG copy)>]
<"sysprep/3-23-2018 13-29-44".png, id=380, 506.6428pt x 258.9675pt>
File: "sysprep/3-23-2018 13-29-44".png Graphic file (type png)
<use "sysprep/3-23-2018 13-29-44".png>
Package pdftex.def Info: "sysprep/3-23-2018 13-29-44".png  used on input line 3
30.
(pdftex.def)             Requested size: 345.0pt x 176.34845pt.
<"sysprep/3-23-2018 13-35-03".png, id=381, 697.8572pt x 261.97874pt>
File: "sysprep/3-23-2018 13-35-03".png Graphic file (type png)
<use "sysprep/3-23-2018 13-35-03".png>
Package pdftex.def Info: "sysprep/3-23-2018 13-35-03".png  used on input line 3
33.
(pdftex.def)             Requested size: 345.0pt x 129.51398pt.

Underfull \hbox (badness 3281) in paragraph at lines 330--334
\T1/lmr/bx/n/10 Note: \T1/lmr/m/n/10 Set-ting the \T1/lmr/bx/n/10 Com-put-er-Na
me \T1/lmr/m/n/10 to \T1/lmr/bx/n/10 * \T1/lmr/m/n/10 will au-to-mat-i-cally as
-sign
 []


Underfull \hbox (badness 3209) in paragraph at lines 330--334
\T1/lmr/m/n/10 a unique iden-ti-fier to each sys-tem when you run sysprep later
 on.
 []

[25 <./sysprep/3-23-2018 13-29-44.png (PNG copy)> <./sysprep/3-23-2018 13-35-03
.png (PNG copy)>]
<"sysprep/3-23-2018 13-32-46".png, id=386, 463.7325pt x 259.7203pt>
File: "sysprep/3-23-2018 13-32-46".png Graphic file (type png)
<use "sysprep/3-23-2018 13-32-46".png>
Package pdftex.def Info: "sysprep/3-23-2018 13-32-46".png  used on input line 3
40.
(pdftex.def)             Requested size: 345.0pt x 193.22435pt.
<"sysprep/3-23-2018 13-36-14".png, id=387, 308.65312pt x 159.59625pt>
File: "sysprep/3-23-2018 13-36-14".png Graphic file (type png)
<use "sysprep/3-23-2018 13-36-14".png>
Package pdftex.def Info: "sysprep/3-23-2018 13-36-14".png  used on input line 3
46.
(pdftex.def)             Requested size: 172.5pt x 89.19794pt.
<"sysprep/3-23-2018 13-36-26".png, id=388, 335.75438pt x 186.6975pt>
File: "sysprep/3-23-2018 13-36-26".png Graphic file (type png)
<use "sysprep/3-23-2018 13-36-26".png>
Package pdftex.def Info: "sysprep/3-23-2018 13-36-26".png  used on input line 3
47.
(pdftex.def)             Requested size: 172.5pt x 95.9181pt.

Overfull \hbox (2.22221pt too wide) in paragraph at lines 346--348
[][] [] 
 []

<"sysprep/3-23-2018 13-35-25".png, id=389, 699.36281pt x 261.97874pt>
File: "sysprep/3-23-2018 13-35-25".png Graphic file (type png)
<use "sysprep/3-23-2018 13-35-25".png>
Package pdftex.def Info: "sysprep/3-23-2018 13-35-25".png  used on input line 3
51.
(pdftex.def)             Requested size: 345.0pt x 129.23816pt.

LaTeX Warning: `h' float specifier changed to `ht'.

[26 <./sysprep/3-23-2018 13-32-46.png (PNG copy)> <./sysprep/3-23-2018 13-36-14
.png (PNG copy)> <./sysprep/3-23-2018 13-36-26.png (PNG copy)>]
Underfull \hbox (badness 10000) in paragraph at lines 355--357

 []

[27 <./sysprep/3-23-2018 13-35-25.png (PNG copy)>]
<BDC/1.png, id=399, 258.9675pt x 348.55219pt>
File: BDC/1.png Graphic file (type png)
<use BDC/1.png>
Package pdftex.def Info: BDC/1.png  used on input line 387.
(pdftex.def)             Requested size: 120.7545pt x 192.50204pt.


LaTeX Warning: `h' float specifier changed to `ht'.

[28]
<BDC/1b.png, id=415, 583.42969pt x 426.84468pt>
File: BDC/1b.png Graphic file (type png)
<use BDC/1b.png>
Package pdftex.def Info: BDC/1b.png  used on input line 393.
(pdftex.def)             Requested size: 172.49306pt x 137.50491pt.
 [29 <./BDC/1.png> <./BDC/1b.png>]
<BDC/2.png, id=421, 326.72063pt x 235.63031pt>
File: BDC/2.png Graphic file (type png)
<use BDC/2.png>
Package pdftex.def Info: BDC/2.png  used on input line 400.
(pdftex.def)             Requested size: 137.99445pt x 109.9984pt.
 [30 <./BDC/2.png>]
Underfull \hbox (badness 10000) in paragraph at lines 425--427

 []

[31]
Package atveryend Info: Empty hook `BeforeClearDocument' on input line 447.
 [32]
Package atveryend Info: Empty hook `AfterLastShipout' on input line 447.
 (./document3.aux)
Package atveryend Info: Executing hook `AtVeryEndDocument' on input line 447.
Package atveryend Info: Executing hook `AtEndAfterFileList' on input line 447.
Package rerunfilecheck Info: File `document3.out' has not changed.
(rerunfilecheck)             Checksum: C4CD1693FBF801A525AB3FFB455E0852;2196.
Package atveryend Info: Empty hook `AtVeryVeryEnd' on input line 447.
 ) 
Here is how much of TeX's memory you used:
 6181 strings out of 492980
 93891 string characters out of 6136223
 163165 words of memory out of 5000000
 9518 multiletter control sequences out of 15000+600000
 36407 words of font info for 32 fonts, out of 8000000 for 9000
 1141 hyphenation exceptions out of 8191
 28i,7n,28p,694b,405s stack positions out of 5000i,500n,10000p,200000b,80000s
{c:/texlive/2017/texmf-dist/fonts/enc/dvips/lm/lm-ec.enc}<c:/texlive/2017/tex
mf-dist/fonts/type1/public/lm/lmbx10.pfb><c:/texlive/2017/texmf-dist/fonts/type
1/public/lm/lmbx12.pfb><c:/texlive/2017/texmf-dist/fonts/type1/public/lm/lmr10.
pfb><c:/texlive/2017/texmf-dist/fonts/type1/public/lm/lmr17.pfb>
Output written on document3.pdf (33 pages, 17231301 bytes).
PDF statistics:
 499 PDF objects out of 1000 (max. 8388607)
 388 compressed objects within 4 object streams
 126 named destinations out of 1000 (max. 500000)
 511 words of extra memory for PDF output out of 10000 (max. 10000000)

